"../../../../../../VelaProto/Content/HUD_Overlay.uasset" 0
"../../../../../../VelaProto/Content/2dSideScroller/Textures/2DBackgroundTile.uasset" 1
"../../../../../../VelaProto/Content/2DSideScroller/Materials/PrototypingSpriteMaterial.uasset" 2
"../../../../../../VelaProto/Content/2DSideScroller/Sprites/PrototypingSprite.uasset" 3
"../../../../../../VelaProto/Content/FirstPerson/Character/Textures/UE4_LOGO_CARD.uasset" 4
"../../../../../../VelaProto/Content/StarterContent/Textures/T_MacroVariation.uasset" 5
"../../../../../../VelaProto/Content/StarterContent/Textures/T_Metal_Gold_D.uasset" 6
"../../../../../../VelaProto/Content/StarterContent/Textures/T_Metal_Gold_N.uasset" 7
"../../../../../../VelaProto/Content/StarterContent/Materials/M_Metal_Gold.uasset" 8
"../../../Engine/Content/Functions/Engine_MaterialFunctions01/Opacity/CameraDepthFade.uasset" 9
"../../../Engine/Content/EngineMaterials/T_Default_Material_Grid_M.uasset" 10
"../../../Engine/Content/EngineMaterials/T_Default_Material_Grid_N.uasset" 11
"../../../Engine/Content/EngineMaterials/DefaultMaterial.uasset" 12
"../../../Engine/Content/BasicShapes/Cone.uasset" 13
"../../../Engine/Content/EngineMaterials/WorldGridMaterial.uasset" 14
"../../../Engine/Content/BasicShapes/Cube.uasset" 15
"../../../Engine/Content/BasicShapes/Cylinder.uasset" 16
"../../../Engine/Content/BasicShapes/Plane.uasset" 17
"../../../Engine/Content/BasicShapes/Sphere.uasset" 18
"../../../Engine/Content/EditorLandscapeResources/DataLayer.uasset" 19
"../../../Engine/Content/EditorMaterials/GizmoMaterial.uasset" 20
"../../../Engine/Content/EditorMaterials/MAT_Groups_Toggle.uasset" 21
"../../../Engine/Content/EditorMaterials/MAT_Groups_Visibility.uasset" 22
"../../../Engine/Content/EditorMaterials/PreviewShadowIndicator.uasset" 23
"../../../Engine/Content/EditorMaterials/PreviewShadowIndicatorMaterial.uasset" 24
"../../../Engine/Content/EditorMaterials/MatineeGroups/MAT_ColorTrack.uasset" 25
"../../../Engine/Content/EditorMaterials/MatineeGroups/MAT_Groups_Anim.uasset" 26
"../../../Engine/Content/EditorMaterials/MatineeGroups/MAT_Groups_AudioMaster.uasset" 27
"../../../Engine/Content/EditorMaterials/MatineeGroups/MAT_Groups_Director.uasset" 28
"../../../Engine/Content/EditorMaterials/MatineeGroups/MAT_Groups_Event.uasset" 29
"../../../Engine/Content/EditorMaterials/MatineeGroups/MAT_Groups_Fade.uasset" 30
"../../../Engine/Content/EditorMaterials/MatineeGroups/MAT_Groups_Float.uasset" 31
"../../../Engine/Content/EditorMaterials/MatineeGroups/MAT_Groups_Move.uasset" 32
"../../../Engine/Content/EditorMaterials/MatineeGroups/MAT_Groups_Slomo.uasset" 33
"../../../Engine/Content/EditorMaterials/MatineeGroups/MAT_Groups_Sound.uasset" 34
"../../../Engine/Content/EditorMaterials/MatineeGroups/MAT_Groups_Vector.uasset" 35
"../../../Engine/Content/EditorMaterials/ParticleSystems/PSysThumbnail_NoImage.uasset" 36
"../../../Engine/Content/EditorMaterials/ParticleSystems/PSysThumbnail_OOD.uasset" 37
"../../../Engine/Content/EditorMaterials/Camera/CineMat.uasset" 38
"../../../Engine/Content/EditorMaterials/Camera/MI_CineMat_Rig.uasset" 39
"../../../Engine/Content/EditorMeshes/Camera/SM_CraneRig_Arm.uasset" 40
"../../../Engine/Content/EditorMeshes/Camera/SM_CraneRig_Base.uasset" 41
"../../../Engine/Content/EditorMeshes/Camera/SM_CraneRig_Body.uasset" 42
"../../../Engine/Content/EditorMeshes/Camera/SM_CraneRig_Mount.uasset" 43
"../../../Engine/Content/EditorMeshes/Camera/SM_RailRig_Mount.uasset" 44
"../../../Engine/Content/EditorMeshes/Camera/SM_RailRig_Track.uasset" 45
"../../../Engine/Content/EditorMeshes/ColorCalibrator/M_ChromeBall.uasset" 46
"../../../Engine/Content/EditorMeshes/ColorCalibrator/M_ClearCoat.uasset" 47
"../../../Engine/Content/EditorMeshes/ColorCalibrator/M_ClearCoatBlack.uasset" 48
"../../../Engine/Content/EditorMeshes/ColorCalibrator/Color_checker.uasset" 49
"../../../Engine/Content/EditorMeshes/ColorCalibrator/M_ColorGrid.uasset" 50
"../../../Engine/Content/EditorMeshes/ColorCalibrator/M_GreyBall.uasset" 51
"../../../Engine/Content/EditorMeshes/ColorCalibrator/SM_ColorCalibrator.uasset" 52
"../../../Engine/Content/EditorResources/BSPVertex.uasset" 53
"../../../Engine/Content/EditorResources/EmptyActor.uasset" 54
"../../../Engine/Content/EditorResources/S_Actor.uasset" 55
"../../../Engine/Content/EditorResources/S_Trigger.uasset" 56
"../../../Engine/Content/EditorResources/AudioIcons/S_AudioComponent_AutoActivate.uasset" 57
"../../../Engine/Content/EditorResources/SequenceRecorder/Countdown.uasset" 58
"../../../Engine/Content/EditorResources/SequenceRecorder/RecordingIndicator.uasset" 59
"../../../Engine/Content/EditorSounds/Notifications/CompileFailed.uasset" 60
"../../../Engine/Content/EditorSounds/Notifications/CompileFailed_Cue.uasset" 61
"../../../Engine/Content/EditorSounds/Notifications/CompileSuccess.uasset" 62
"../../../Engine/Content/EditorSounds/Notifications/CompileStart_Cue.uasset" 63
"../../../Engine/Content/EditorSounds/Notifications/CompileSuccess_Cue.uasset" 64
"../../../Engine/Content/EngineDamageTypes/DmgTypeBP_Environmental.uasset" 65
"../../../Engine/Content/EngineDebugMaterials/HeatmapGradient.uasset" 66
"../../../Engine/Content/EngineDebugMaterials/BoneWeightMaterial.uasset" 67
"../../../Engine/Content/EngineDebugMaterials/ClothMaterial.uasset" 68
"../../../Engine/Content/EngineDebugMaterials/ClothMaterial_WF.uasset" 69
"../../../Engine/Content/EngineDebugMaterials/DebugEditorMaterial.uasset" 70
"../../../Engine/Content/EngineDebugMaterials/DebugMeshMaterial.uasset" 71
"../../../Engine/Content/EngineDebugMaterials/GeomMaterial.uasset" 72
"../../../Engine/Content/EngineFonts/Faces/RobotoBold.uasset" 73
"../../../Engine/Content/EngineFonts/Faces/RobotoBoldItalic.uasset" 74
"../../../Engine/Content/EngineFonts/Faces/RobotoItalic.uasset" 75
"../../../Engine/Content/EngineFonts/Faces/RobotoLight.uasset" 76
"../../../Engine/Content/EngineFonts/Faces/RobotoRegular.uasset" 77
"../../../Engine/Content/EngineFonts/Roboto.uasset" 78
"../../../Engine/Content/EngineFonts/Faces/RobotoTiny.uasset" 79
"../../../Engine/Content/EngineFonts/RobotoTiny.uasset" 80
"../../../Engine/Content/EngineMaterials/DefaultBloomKernel.uasset" 81
"../../../Engine/Content/EngineMaterials/DefaultBokeh.uasset" 82
"../../../Engine/Content/EngineMaterials/DefaultDiffuse.uasset" 83
"../../../Engine/Content/EngineMaterials/DefaultDeferredDecalMaterial.uasset" 84
"../../../Engine/Content/EngineMaterials/DefaultLightFunctionMaterial.uasset" 85
"../../../Engine/Content/EngineMaterials/DefaultPhysicalMaterial.uasset" 86
"../../../Engine/Content/Functions/Engine_MaterialFunctions02/Utility/BreakOutFloat2Components.uasset" 87
"../../../Engine/Content/EngineMaterials/DefaultPostProcessMaterial.uasset" 88
"../../../Engine/Content/EngineFonts/RobotoDistanceField.uasset" 89
"../../../Engine/Content/EngineMaterials/DefaultTextMaterialOpaque.uasset" 90
"../../../Engine/Content/EngineMaterials/DefaultWhiteGrid.uasset" 91
"../../../Engine/Content/EngineMaterials/EditorBrushMaterial.uasset" 92
"../../../Engine/Content/EngineMaterials/Good64x64TilingNoiseHighFreq.uasset" 93
"../../../Engine/Content/EngineMaterials/MiniFont.uasset" 94
"../../../Engine/Content/EngineMaterials/InvalidLightmapSettings.uasset" 95
"../../../Engine/Content/EngineMaterials/M_InvalidLightmapSettings.uasset" 96
"../../../Engine/Content/Functions/Engine_MaterialFunctions02/WorldPositionOffset/CameraOffset.uasset" 97
"../../../Engine/Content/EngineMaterials/PhAT_JointLimitMaterial.uasset" 98
"../../../Engine/Content/EngineMaterials/PreintegratedSkinBRDF.uasset" 99
"../../../Engine/Content/EngineMaterials/RemoveSurfaceMaterial.uasset" 100
"../../../Engine/Content/EngineMaterials/WeightMapPlaceholderTexture.uasset" 101
"../../../Engine/Content/EngineResources/WhiteSquareTexture.uasset" 102
"../../../Engine/Content/EngineMaterials/Widget3DPassThrough.uasset" 103
"../../../Engine/Content/EngineMaterials/Widget3DPassThrough_Masked.uasset" 104
"../../../Engine/Content/EngineMaterials/Widget3DPassThrough_Opaque.uasset" 105
"../../../Engine/Content/EngineMaterials/Widget3DPassThrough_Masked_OneSided.uasset" 106
"../../../Engine/Content/EngineMaterials/Widget3DPassThrough_Opaque_OneSided.uasset" 107
"../../../Engine/Content/EngineMaterials/Widget3DPassThrough_Translucent.uasset" 108
"../../../Engine/Content/EngineMaterials/Widget3DPassThrough_Translucent_OneSided.uasset" 109
"../../../Engine/Content/EngineMeshes/Cube.uasset" 110
"../../../Engine/Content/EngineMeshes/Cylinder.uasset" 111
"../../../Engine/Content/EngineMeshes/Sphere.uasset" 112
"../../../Engine/Content/EngineResources/Black.uasset" 113
"../../../Engine/Content/EngineResources/DefaultTexture.uasset" 114
"../../../Engine/Content/EngineResources/DefaultTextureCube.uasset" 115
"../../../Engine/Content/EngineResources/GradientTexture0.uasset" 116
"../../../Engine/Content/EngineSounds/Master.uasset" 117
"../../../Engine/Content/Functions/Engine_MaterialFunctions01/Shading/ConvertFromDiffSpec.uasset" 118
"../../../Engine/Content/Functions/Engine_MaterialFunctions01/Shading/PowerToRoughness.uasset" 119
"../../../Engine/Content/Maps/Templates/Thumbnails/Default.uasset" 120
"../../../Engine/Content/Maps/Templates/Thumbnails/VR-Basic.uasset" 121
"../../../Engine/Content/MobileResources/T_MobileControls_texture.uasset" 122
"../../../Engine/Content/MobileResources/T_MobileMenu2.uasset" 123
"../../../Engine/Content/MobileResources/HUD/AnalogHat.uasset" 124
"../../../Engine/Content/MobileResources/HUD/VirtualJoystick_Background.uasset" 125
"../../../Engine/Content/MobileResources/HUD/VirtualJoystick_Thumb.uasset" 126
"../../../Engine/Content/MobileResources/HUD/DefaultVirtualJoysticks.uasset" 127
"../../../Engine/Content/MobileResources/HUD/LeftVirtualJoystickOnly.uasset" 128
"../../../Engine/Content/MobileResources/HUD/MobileHUDButton1_off.uasset" 129
"../../../Engine/Content/MobileResources/HUD/MobileHUDButton1_on.uasset" 130
"../../../Engine/Content/MobileResources/HUD/MobileHUDButton2_off.uasset" 131
"../../../Engine/Content/MobileResources/HUD/MobileHUDButton2_on.uasset" 132
"../../../Engine/Content/MobileResources/HUD/MobileHUDButton3.uasset" 133
"../../../Engine/Content/MobileResources/HUD/MobileHUDButtonFire.uasset" 134
"../../../Engine/Content/MobileResources/HUD/MobileHUDDirectionPad.uasset" 135
"../../../Engine/Content/MobileResources/HUD/MobileHUDDirectionPad2.uasset" 136
"../../../Engine/Content/MobileResources/HUD/MobileHUDDirectionPad3.uasset" 137
"../../../Engine/Content/MobileResources/HUD/MobileHUDDirectionStick.uasset" 138
"../../../Engine/Content/MobileResources/HUD/T_Castle_ThumbstickInner.uasset" 139
"../../../Engine/Content/MobileResources/HUD/T_Castle_ThumbstickOutter.uasset" 140
"../../../Engine/Content/Tutorial/ContentIntroCurve.uasset" 141
"../../../Engine/Content/Tutorial/Basics/TutorialAssets/icon_tab_Levels_40x.uasset" 142
"../../../Engine/Content/Tutorial/BlueprintTutorials/TutorialAssets/BlueprintInterface_64x.uasset" 143
"../../../Engine/Content/Tutorial/BlueprintTutorials/TutorialAssets/BlueprintMacroLibrary_64x.uasset" 144
"../../../Engine/Content/Tutorial/BlueprintTutorials/TutorialAssets/Blueprint_64x.uasset" 145
"../../../Engine/Content/Tutorial/BlueprintTutorials/TutorialAssets/Tutorial_BP_Interface.uasset" 146
"../../../Engine/Content/Tutorial/Foliage/TutorialAssets/Foliage.uasset" 147
"../../../Engine/Content/Tutorial/Landscape/TutorialAssets/Landscape.uasset" 148
"../../../Engine/Content/Tutorial/Paper2D/TutorialAssets/Paper2DFlipbook_TutorialIcon.uasset" 149
"../../../Engine/Content/Tutorial/Paper2D/TutorialAssets/Paper2DSprite_TutorialIcon.uasset" 150
"../../../Engine/Content/Tutorial/SubEditors/TutorialAssets/icon_Editor_Preferences_General_40x.uasset" 151
"../../../Engine/Content/Tutorial/SubEditors/TutorialAssets/icon_ShowSkeletalMeshes_40x.uasset" 152
"../../../Engine/Content/Tutorial/SubEditors/TutorialAssets/TutorialMaterial.uasset" 153
"../../../Engine/Content/Tutorial/SubEditors/TutorialAssets/T_SmokeSubUV_8X8.uasset" 154
"../../../Engine/Content/Tutorial/SubEditors/TutorialAssets/T_soft_smoke.uasset" 155
"../../../Engine/Content/Tutorial/SubEditors/TutorialAssets/M_smoke_subUV_blackbody.uasset" 156
"../../../Engine/Content/Tutorial/SubEditors/TutorialAssets/TutorialParticleSystem.uasset" 157
"../../../Engine/Content/VREditor/Devices/Generic/GenericHMDMaterial.uasset" 158
"../../../Engine/Content/VREditor/Devices/Generic/GenericHMD.uasset" 159
"../../../Engine/Content/Functions/Engine_MaterialFunctions02/Utility/BreakOutFloat3Components.uasset" 160
"../../../Engine/Content/VREditor/Devices/Vive/VivePreController_MasksB.uasset" 161
"../../../Engine/Content/VREditor/Devices/Oculus/OculusControllerMaterial.uasset" 162
"../../../Engine/Content/VREditor/Devices/Oculus/OculusControllerMaterial_Inst.uasset" 163
"../../../Engine/Content/VREditor/Devices/Oculus/OculusControllerMesh.uasset" 164
"../../../Engine/Content/VREditor/Devices/Vive/T_VivePreController_EM.uasset" 165
"../../../Engine/Content/VREditor/Devices/Vive/VivePreController_MasksA.uasset" 166
"../../../Engine/Content/VREditor/Devices/Vive/VivePreControllerDiffuse.uasset" 167
"../../../Engine/Content/VREditor/Devices/Vive/VivePreControllerSpec.uasset" 168
"../../../Engine/Content/VREditor/LaserPointer/VR_LaserPower_01.uasset" 169
"../../../Engine/Content/VREditor/Devices/Vive/VivePreControllerMaterial.uasset" 170
"../../../Engine/Content/VREditor/Devices/Vive/VivePreControllerMaterial_Inst.uasset" 171
"../../../Engine/Content/VREditor/Devices/Vive/VivePreControllerMesh.uasset" 172
"../../../Engine/Content/VREditor/FloatingText/LineMaterial.uasset" 173
"../../../Engine/Content/VREditor/FloatingText/JointSphere.uasset" 174
"../../../Engine/Content/VREditor/FloatingText/LineSegmentCylinder.uasset" 175
"../../../Engine/Content/VREditor/Fonts/VRText_RobotoLarge.uasset" 176
"../../../Engine/Content/VREditor/Fonts/VRTextMaterial.uasset" 177
"../../../Engine/Content/VREditor/Fonts/TranslucentVRTextMaterial.uasset" 178
"../../../Engine/Content/VREditor/LaserPointer/CursorPointer.uasset" 179
"../../../Engine/Content/VREditor/TransformGizmo/TransformGizmoMaterial.uasset" 180
"../../../Engine/Content/VREditor/LaserPointer/HoverMaterial.uasset" 181
"../../../Engine/Content/VREditor/TransformGizmo/TranslucentTransformGizmoMaterial.uasset" 182
"../../../Engine/Content/VREditor/LaserPointer/TranslucentHoverMaterial.uasset" 183
"../../../Engine/Content/VREditor/LaserPointer/HoverMesh.uasset" 184
"../../../Engine/Content/VREditor/LaserPointer/LaserPointerMaterial.uasset" 185
"../../../Engine/Content/VREditor/LaserPointer/LaserPointerMaterialInst.uasset" 186
"../../../Engine/Content/VREditor/LaserPointer/TranslucentLaserPointerMaterialInst.uasset" 187
"../../../Engine/Content/VREditor/LaserPointer/LaserPointerMesh.uasset" 188
"../../../Engine/Content/VREditor/LaserPointer/LaserPointerMesh_End.uasset" 189
"../../../Engine/Content/VREditor/LaserPointer/LaserPointerMesh_Start.uasset" 190
"../../../Engine/Content/VREditor/Sounds/VR_teleport.uasset" 191
"../../../Engine/Content/VREditor/Sounds/UI/Click_on_Button.uasset" 192
"../../../Engine/Content/VREditor/Sounds/UI/Click_on_Button_Cue.uasset" 193
"../../../Engine/Content/VREditor/Sounds/UI/Dockable_Window_Close.uasset" 194
"../../../Engine/Content/VREditor/Sounds/UI/Dockable_Window_Drop.uasset" 195
"../../../Engine/Content/VREditor/Sounds/UI/Dockable_Window_Open.uasset" 196
"../../../Engine/Content/VREditor/Sounds/UI/Dockable_Window_Pick_Up.uasset" 197
"../../../Engine/Content/VREditor/Sounds/UI/Drop_Item_From_ContentBrowser.uasset" 198
"../../../Engine/Content/VREditor/Sounds/UI/Floating_UI_Open-001.uasset" 199
"../../../Engine/Content/VREditor/Sounds/UI/Radial_Menu_FadeOut.uasset" 200
"../../../Engine/Content/VREditor/Sounds/UI/Teleport_Mode_Entered.uasset" 201
"../../../Engine/Content/VREditor/Teleport/TeleportDirectionMaterial.uasset" 202
"../../../Engine/Content/VREditor/Teleport/TeleportDirectionMaterial_Inst.uasset" 203
"../../../Engine/Content/VREditor/Teleport/TeleportDirectionMesh.uasset" 204
"../../../Engine/Content/VREditor/TransformGizmo/BoundingBoxCorner.uasset" 205
"../../../Engine/Content/VREditor/TransformGizmo/BoundingBoxEdge.uasset" 206
"../../../Engine/Content/VREditor/TransformGizmo/PlaneTranslationHandle.uasset" 207
"../../../Engine/Content/VREditor/TransformGizmo/Main.uasset" 208
"../../../Engine/Content/VREditor/TransformGizmo/Xray.uasset" 209
"../../../Engine/Content/VREditor/TransformGizmo/SM_Dialog_Close.uasset" 210
"../../../Engine/Content/VREditor/TransformGizmo/SM_Dialog_Move.uasset" 211
"../../../Engine/Content/VREditor/TransformGizmo/SM_Sequencer_Key.uasset" 212
"../../../Engine/Content/VREditor/TransformGizmo/SM_Sequencer_Node.uasset" 213
"../../../Engine/Content/VREditor/TransformGizmo/TransformGizmoMaterial_Inst.uasset" 214
"../../../Engine/Content/VREditor/TransformGizmo/TranslucentTransformGizmoMaterial_Inst.uasset" 215
"../../../Engine/Content/VREditor/Devices/Vive/UE4_Logo.uasset" 216
"../../../Engine/Content/VREditor/UI/M_ContentWindow.uasset" 217
"../../../Engine/Content/VREditor/UI/SM_ContentWindow_01.uasset" 218
"../../../Engine/Content/VREditor/UI/KeyDiskMaterial.uasset" 219
"../../../Engine/Content/VREditor/UI/DiscMaterial.uasset" 220
"../../../Engine/Content/VREditor/UI/SM_Radial_Disk.uasset" 221
"../../../Engine/Content/VREditor/UI/ArrowMaterial.uasset" 222
"../../../Engine/Content/VREditor/UI/SM_Radial_Pointer.uasset" 223
"../../../Engine/Content/Functions/Engine_MaterialFunctions01/Gradient/RadialGradient.uasset" 224
"../../../Engine/Content/VREditor/WorldMovementGrid/SimpleGrid.uasset" 225
"../../../Engine/Content/VREditor/WorldMovementGrid/GridMaterial.uasset" 226
"../../../Engine/Content/Functions/Engine_MaterialFunctions01/Density/ExponentialDensity.uasset" 227
"../../../Engine/Content/VREditor/WorldMovementGrid/GridPostProcess.uasset" 228
"../../../Engine/Content/EditorLandscapeResources/FlattenHeightMat.uasset" 229
"../../../Engine/Content/VREditor/WorldMovementGrid/PlaneMesh.uasset" 230
"../../Plugins/2D/Paper2D/Content/PlaceholderTextures/DummySpriteTexture.uasset" 231
"../../Plugins/2D/Paper2D/Content/DummySprite.uasset" 232
"../../Plugins/2D/Paper2D/Content/DefaultPaperTerrainMaterial.uasset" 233
"../../Plugins/2D/Paper2D/Content/DefaultSpriteMaterial.uasset" 234
"../../Plugins/2D/Paper2D/Content/MaskedUnlitSpriteMaterial.uasset" 235
"../../Plugins/Media/MediaCompositing/Content/DefaultMediaPlaneTexture.uasset" 236
"../../Plugins/Media/MediaCompositing/Content/DefaultMediaPlaneMaterial.uasset" 237
"../../../Engine/Content/Functions/Engine_MaterialFunctions02/Utility/MakeFloat4.uasset" 238
"../../Plugins/Runtime/AppleARKit/Content/ARKitCameraMaterial.uasset" 239
"../../Plugins/Runtime/Oculus/OculusVR/Content/Textures/GearVRController_AO.uasset" 240
"../../Plugins/Runtime/Oculus/OculusVR/Content/Textures/GearVRController_Color.uasset" 241
"../../Plugins/Runtime/Oculus/OculusVR/Content/Textures/GearVRController_Normal.uasset" 242
"../../Plugins/Runtime/Oculus/OculusVR/Content/Materials/GearVRControllerMaterial.uasset" 243
"../../Plugins/Runtime/Oculus/OculusVR/Content/Meshes/GearVrController.uasset" 244
"../../../Engine/Content/Functions/Engine_MaterialFunctions01/Gradient/LinearGradient.uasset" 245
"../../../Engine/Content/Functions/Engine_MaterialFunctions01/ImageAdjustment/3ColorBlend.uasset" 246
"../../../../../../VelaProto/Content/M_Glowy_Thing.uasset" 247
"../../../../../../VelaProto/Content/FirstPerson/Meshes/BaseMaterial.uasset" 248
"../../../../../../VelaProto/Content/FirstPerson/Meshes/FirstPersonProjectileMaterial.uasset" 249
"../../../../../../VelaProto/Content/FirstPerson/Meshes/FirstPersonProjectileMesh.uasset" 250
"../../../../../../VelaProto/Content/FirstPersonCPP/Blueprints/FirstPersonCPP/Blueprints/FirstPersonProjectile.uasset" 251
"../../../../../../VelaProto/Content/2dSideScroller/Textures/2DCharacter_IdleAnimAtlas.uasset" 252
"../../../../../../VelaProto/Content/2dSideScroller/Sprites/IdleFrames/IdleCycle1.uasset" 253
"../../../../../../VelaProto/Content/2dSideScroller/Sprites/IdleFrames/IdleCycle2.uasset" 254
"../../../../../../VelaProto/Content/2dSideScroller/Sprites/IdleFrames/IdleCycle3.uasset" 255
"../../../../../../VelaProto/Content/2dSideScroller/Sprites/IdleFrames/IdleCycle4.uasset" 256
"../../../../../../VelaProto/Content/2dSideScroller/Sprites/IdleFrames/IdleCycle5.uasset" 257
"../../../../../../VelaProto/Content/2dSideScroller/Sprites/IdleFrames/IdleCycle6.uasset" 258
"../../../../../../VelaProto/Content/2dSideScroller/Sprites/IdleFrames/IdleCycle7.uasset" 259
"../../../../../../VelaProto/Content/2dSideScroller/Sprites/IdleFrames/IdleCycle8.uasset" 260
"../../../../../../VelaProto/Content/2DSideScroller/Sprites/IdleAnimation.uasset" 261
"../../../../../../VelaProto/Content/2dSideScroller/Textures/2DCharacter_RunAnimAtlas.uasset" 262
"../../../../../../VelaProto/Content/2dSideScroller/Sprites/RunFrames/RunCycle_1.uasset" 263
"../../../../../../VelaProto/Content/2dSideScroller/Sprites/RunFrames/RunCycle_10.uasset" 264
"../../../../../../VelaProto/Content/2dSideScroller/Sprites/RunFrames/RunCycle_11.uasset" 265
"../../../../../../VelaProto/Content/2dSideScroller/Sprites/RunFrames/RunCycle_12.uasset" 266
"../../../../../../VelaProto/Content/2dSideScroller/Sprites/RunFrames/RunCycle_13.uasset" 267
"../../../../../../VelaProto/Content/2dSideScroller/Sprites/RunFrames/RunCycle_14.uasset" 268
"../../../../../../VelaProto/Content/2dSideScroller/Sprites/RunFrames/RunCycle_15.uasset" 269
"../../../../../../VelaProto/Content/2dSideScroller/Sprites/RunFrames/RunCycle_16.uasset" 270
"../../../../../../VelaProto/Content/2dSideScroller/Sprites/RunFrames/RunCycle_2.uasset" 271
"../../../../../../VelaProto/Content/2dSideScroller/Sprites/RunFrames/RunCycle_3.uasset" 272
"../../../../../../VelaProto/Content/2dSideScroller/Sprites/RunFrames/RunCycle_4.uasset" 273
"../../../../../../VelaProto/Content/2dSideScroller/Sprites/RunFrames/RunCycle_5.uasset" 274
"../../../../../../VelaProto/Content/2dSideScroller/Sprites/RunFrames/RunCycle_6.uasset" 275
"../../../../../../VelaProto/Content/2dSideScroller/Sprites/RunFrames/RunCycle_7.uasset" 276
"../../../../../../VelaProto/Content/2dSideScroller/Sprites/RunFrames/RunCycle_8.uasset" 277
"../../../../../../VelaProto/Content/2dSideScroller/Sprites/RunFrames/RunCycle_9.uasset" 278
"../../../../../../VelaProto/Content/2DSideScroller/Sprites/RunningAnimation.uasset" 279
"../../../../../../VelaProto/Content/damage-laser.uasset" 280
"../../../Engine/Content/Functions/Engine_MaterialFunctions02/Utility/BlendAngleCorrectedNormals.uasset" 281
"../../../Engine/Content/Functions/MaterialLayerFunctions/MatLayerBlend_NormalBlend.uasset" 282
"../../../Engine/Content/Functions/MaterialLayerFunctions/MatLayerBlend_Simple.uasset" 283
"../../../../../../VelaProto/Content/FirstPerson/FPWeapon/Materials/MaterialLayers/T_ML_Rubber_Blue_01_D.uasset" 284
"../../../../../../VelaProto/Content/FirstPerson/FPWeapon/Materials/MaterialLayers/T_ML_Rubber_Blue_01_N.uasset" 285
"../../../../../../VelaProto/Content/FirstPerson/FPWeapon/Materials/MaterialLayers/ML_GlossyBlack_Latex_UE4.uasset" 286
"../../../../../../VelaProto/Content/FirstPerson/FPWeapon/Materials/MaterialLayers/ML_Plastic_Shiny_Beige.uasset" 287
"../../../../../../VelaProto/Content/FirstPerson/FPWeapon/Materials/MaterialLayers/ML_Screen.uasset" 288
"../../../../../../VelaProto/Content/FirstPerson/FPWeapon/Materials/MaterialLayers/T_ML_Aluminum01.uasset" 289
"../../../../../../VelaProto/Content/FirstPerson/FPWeapon/Materials/MaterialLayers/T_ML_Aluminum01_N.uasset" 290
"../../../../../../VelaProto/Content/FirstPerson/FPWeapon/Materials/MaterialLayers/ML_SoftMetal_UE4.uasset" 291
"../../../../../../VelaProto/Content/FirstPerson/FPWeapon/Textures/T_FPGun_M.uasset" 292
"../../../../../../VelaProto/Content/FirstPerson/FPWeapon/Textures/T_FPGun_N.uasset" 293
"../../../../../../VelaProto/Content/FirstPerson/FPWeapon/Materials/M_FPGun.uasset" 294
"../../../../../../VelaProto/Content/FirstPerson/FPWeapon/Mesh/SK_FPGun_Skeleton.uasset" 295
"../../../../../../VelaProto/Content/FirstPerson/FPWeapon/Mesh/SK_FPGun.uasset" 296
"../../../../../../VelaProto/Content/2DSideScrollerCPP/Blueprints/BP_2DSideScrollerCharacter.uasset" 297
"../../../../../../VelaProto/Content/2DSideScrollerCPP/Maps/2DSideScrollerExampleMap_BuiltData.uasset" 298
"../../../Engine/Content/MapTemplates/Bokeh_5Sides.uasset" 299
"../../../Engine/Content/MapTemplates/T_ScreenDirt02_w.uasset" 300
"../../Plugins/2D/Paper2D/Content/OpaqueUnlitSpriteMaterial.uasset" 301
"../../../../../../VelaProto/Content/2dSideScroller/Textures/2DBackground.uasset" 302
"../../../../../../VelaProto/Content/2DSideScroller/Sprites/Background_Sprite.uasset" 303
"../../../../../../VelaProto/Content/2dSideScroller/Textures/2DBackgroundBlockAtlas.uasset" 304
"../../../../../../VelaProto/Content/2DSideScroller/Sprites/Ledge.uasset" 305
"../../../../../../VelaProto/Content/Intro_Music.uasset" 306
"../../../../../../VelaProto/Content/VelaTestMusic.uasset" 307
"../../../../../../VelaProto/Content/2DSideScrollerCPP/Maps/2DSideScrollerExampleMap.umap" 308
